<?xml version="1.0" encoding="UTF-8"?>
<!-- Generated by org.testng.reporters.JUnitReportReporter -->
<testsuite hostname="Neel-PC" name="com.selenium.suiteC.TestCase_C2" tests="1" failures="1" timestamp="11 Nov 2015 07:00:45 GMT" time="0.001" errors="0">
  <testcase name="testCaseC2" time="0.001" classname="com.selenium.suiteC.TestCase_C2"/>
</testsuite> <!-- com.selenium.suiteC.TestCase_C2 -->
