<?xml version="1.0" encoding="UTF-8"?>
<!-- Generated by org.testng.reporters.JUnitReportReporter -->
<testsuite hostname="Neel-PC" name="com.selenium.suiteC.TestCase_C1" tests="4" failures="4" timestamp="11 Nov 2015 07:00:45 GMT" time="0.001" errors="0">
  <testcase name="testCaseC1" time="0.001" classname="com.selenium.suiteC.TestCase_C1"/>
  <testcase name="testCaseC1" time="0.000" classname="com.selenium.suiteC.TestCase_C1"/>
  <testcase name="testCaseC1" time="0.000" classname="com.selenium.suiteC.TestCase_C1"/>
  <testcase name="testCaseC1" time="0.000" classname="com.selenium.suiteC.TestCase_C1"/>
</testsuite> <!-- com.selenium.suiteC.TestCase_C1 -->
