<?xml version="1.0" encoding="UTF-8"?>
<!-- Generated by org.testng.reporters.JUnitReportReporter -->
<testsuite hostname="Neel-PC" name="com.selenium.suiteA.TestCase_A2" tests="2" failures="2" timestamp="11 Nov 2015 07:00:45 GMT" time="0.004" errors="0">
  <testcase name="testCaseA2" time="0.004" classname="com.selenium.suiteA.TestCase_A2"/>
  <testcase name="testCaseA2" time="0.000" classname="com.selenium.suiteA.TestCase_A2"/>
</testsuite> <!-- com.selenium.suiteA.TestCase_A2 -->
